<?xml version="1.0" encoding="UTF-8"?>
<!-- Generated by org.testng.reporters.JUnitXMLReporter -->
<testsuite hostname="TrainingCell-5" ignored="2" name="Smoke" tests="2" failures="0" timestamp="2020-01-27T16:06:22 IST" time="6.143" errors="0">
  <testcase name="logintest" time="3.334" classname="com.dias.steps.Signup"/>
  <testcase name="logintest" time="2.747" classname="com.dias.steps.Login"/>
  <testcase name="@BeforeSuite setDriver" time="0.0" classname="com.dias.demoproj.Setup">
    <ignored/>
  </testcase> <!-- @BeforeSuite setDriver -->
  <testcase name="@BeforeSuite setDriver" time="0.0" classname="com.dias.demoproj.Setup">
    <ignored/>
  </testcase> <!-- @BeforeSuite setDriver -->
</testsuite> <!-- Smoke -->
